2.easyfig.fa	3.easyfig.fa	69.449	1797	504	24	12266	14037	12543	14319	0.0	699
2.easyfig.fa	3.easyfig.fa	85.714	28	4	0	14234	14261	9804	9777	0.018	33.7
2.easyfig.fa	3.easyfig.fa	81.818	33	6	0	4063	4095	14141	14109	0.018	33.7
2.easyfig.fa	3.easyfig.fa	85.185	27	4	0	884	910	10000	10026	0.063	31.9
2.easyfig.fa	3.easyfig.fa	100.000	15	0	0	6483	6497	8365	8379	0.77	28.3
2.easyfig.fa	3.easyfig.fa	100.000	15	0	0	12513	12527	8392	8406	0.77	28.3
2.easyfig.fa	3.easyfig.fa	100.000	15	0	0	11590	11604	8499	8485	0.77	28.3
2.easyfig.fa	3.easyfig.fa	100.000	15	0	0	11081	11095	15107	15121	0.77	28.3
2.easyfig.fa	3.easyfig.fa	100.000	14	0	0	8128	8141	2055	2068	2.7	26.5
2.easyfig.fa	3.easyfig.fa	94.118	17	1	0	9296	9312	3524	3540	2.7	26.5
2.easyfig.fa	3.easyfig.fa	89.474	19	2	0	16594	16612	7743	7725	2.7	26.5
2.easyfig.fa	3.easyfig.fa	94.118	17	1	0	6457	6473	8195	8211	2.7	26.5
2.easyfig.fa	3.easyfig.fa	100.000	14	0	0	11300	11313	9268	9255	2.7	26.5
2.easyfig.fa	3.easyfig.fa	100.000	14	0	0	9287	9300	12156	12143	2.7	26.5
2.easyfig.fa	3.easyfig.fa	100.000	14	0	0	16562	16575	12267	12254	2.7	26.5
2.easyfig.fa	3.easyfig.fa	100.000	14	0	0	7240	7253	12369	12356	2.7	26.5
2.easyfig.fa	3.easyfig.fa	100.000	14	0	0	5219	5232	12673	12686	2.7	26.5
2.easyfig.fa	3.easyfig.fa	100.000	14	0	0	8511	8524	12930	12943	2.7	26.5
2.easyfig.fa	3.easyfig.fa	100.000	14	0	0	6805	6818	14093	14106	2.7	26.5
2.easyfig.fa	3.easyfig.fa	100.000	14	0	0	6214	6227	14442	14429	2.7	26.5
2.easyfig.fa	3.easyfig.fa	86.364	22	0	1	1169	1187	1244	1223	9.3	24.7
2.easyfig.fa	3.easyfig.fa	93.750	16	1	0	14438	14453	4418	4433	9.3	24.7
2.easyfig.fa	3.easyfig.fa	100.000	13	0	0	4496	4508	4924	4912	9.3	24.7
2.easyfig.fa	3.easyfig.fa	93.750	16	1	0	14885	14900	5796	5811	9.3	24.7
2.easyfig.fa	3.easyfig.fa	100.000	13	0	0	9088	9100	7632	7644	9.3	24.7
2.easyfig.fa	3.easyfig.fa	100.000	13	0	0	9169	9181	7966	7954	9.3	24.7
2.easyfig.fa	3.easyfig.fa	88.889	18	2	0	7921	7938	9778	9795	9.3	24.7
2.easyfig.fa	3.easyfig.fa	93.750	16	1	0	8107	8122	10949	10964	9.3	24.7
2.easyfig.fa	3.easyfig.fa	75.610	41	5	2	9339	9375	11520	11559	9.3	24.7
2.easyfig.fa	3.easyfig.fa	93.750	16	1	0	15368	15383	11916	11931	9.3	24.7
2.easyfig.fa	3.easyfig.fa	88.889	18	2	0	2483	2500	12031	12014	9.3	24.7
2.easyfig.fa	3.easyfig.fa	88.889	18	2	0	13700	13717	12594	12577	9.3	24.7
2.easyfig.fa	3.easyfig.fa	100.000	13	0	0	484	496	13561	13549	9.3	24.7
2.easyfig.fa	3.easyfig.fa	100.000	13	0	0	3187	3199	14049	14061	9.3	24.7
2.easyfig.fa	3.easyfig.fa	93.750	16	1	0	6639	6654	14364	14379	9.3	24.7
