1.easyfig.fa	2.easyfig.fa	75.397	1764	428	4	3673	5431	13170	11408	0.0	1213
1.easyfig.fa	2.easyfig.fa	88.462	26	3	0	7842	7867	14713	14738	0.018	33.7
1.easyfig.fa	2.easyfig.fa	100.000	15	0	0	3656	3670	16866	16852	0.78	28.3
1.easyfig.fa	2.easyfig.fa	100.000	15	0	0	5091	5105	16882	16896	0.78	28.3
1.easyfig.fa	2.easyfig.fa	100.000	15	0	0	5091	5105	16906	16920	0.78	28.3
1.easyfig.fa	2.easyfig.fa	100.000	14	0	0	8082	8095	1533	1546	2.7	26.5
1.easyfig.fa	2.easyfig.fa	100.000	14	0	0	3573	3586	3055	3042	2.7	26.5
1.easyfig.fa	2.easyfig.fa	89.474	19	2	0	11417	11435	11856	11838	2.7	26.5
1.easyfig.fa	2.easyfig.fa	100.000	14	0	0	7236	7249	12216	12229	2.7	26.5
1.easyfig.fa	2.easyfig.fa	94.118	17	1	0	9254	9270	12789	12805	2.7	26.5
1.easyfig.fa	2.easyfig.fa	86.364	22	3	0	10176	10197	13957	13978	2.7	26.5
1.easyfig.fa	2.easyfig.fa	86.364	22	3	0	10528	10549	14304	14325	2.7	26.5
1.easyfig.fa	2.easyfig.fa	94.118	17	1	0	505	521	16511	16527	2.7	26.5
1.easyfig.fa	2.easyfig.fa	78.125	32	7	0	10713	10744	16973	17004	2.7	26.5
1.easyfig.fa	2.easyfig.fa	90.000	20	0	1	7177	7194	3056	3037	9.5	24.7
1.easyfig.fa	2.easyfig.fa	100.000	13	0	0	10798	10810	3588	3600	9.5	24.7
1.easyfig.fa	2.easyfig.fa	100.000	13	0	0	1277	1289	5590	5578	9.5	24.7
1.easyfig.fa	2.easyfig.fa	88.889	18	2	0	1980	1997	6781	6798	9.5	24.7
1.easyfig.fa	2.easyfig.fa	82.609	23	4	0	9083	9105	9974	9996	9.5	24.7
1.easyfig.fa	2.easyfig.fa	100.000	13	0	0	7142	7154	10704	10692	9.5	24.7
1.easyfig.fa	2.easyfig.fa	100.000	13	0	0	4742	4754	10750	10738	9.5	24.7
1.easyfig.fa	2.easyfig.fa	88.889	18	2	0	5265	5282	10803	10820	9.5	24.7
1.easyfig.fa	2.easyfig.fa	100.000	13	0	0	7147	7159	10819	10831	9.5	24.7
1.easyfig.fa	2.easyfig.fa	100.000	13	0	0	5274	5286	11438	11426	9.5	24.7
1.easyfig.fa	2.easyfig.fa	100.000	13	0	0	4258	4270	11678	11666	9.5	24.7
1.easyfig.fa	2.easyfig.fa	100.000	13	0	0	10023	10035	12347	12335	9.5	24.7
1.easyfig.fa	2.easyfig.fa	94.444	18	0	1	6069	6086	14113	14097	9.5	24.7
1.easyfig.fa	2.easyfig.fa	100.000	13	0	0	5093	5105	16860	16872	9.5	24.7
1.easyfig.fa	2.easyfig.fa	93.750	16	1	0	4575	4590	17143	17128	9.5	24.7
