1.easyfig.fa	2.easyfig.fa	75.620	1452	323	7	1195	2616	1451	1	0.0	1020
1.easyfig.fa	2.easyfig.fa	75.979	766	176	6	42	803	2840	2079	1.38e-153	533
1.easyfig.fa	2.easyfig.fa	82.418	273	48	0	828	1100	1970	1698	1.69e-76	277
1.easyfig.fa	2.easyfig.fa	85.185	27	4	0	2914	2940	5427	5401	0.011	31.9
1.easyfig.fa	2.easyfig.fa	94.737	19	1	0	3161	3179	171	153	0.040	30.1
1.easyfig.fa	2.easyfig.fa	94.118	17	1	0	2469	2485	5082	5066	0.49	26.5
1.easyfig.fa	2.easyfig.fa	100.000	14	0	0	2805	2818	6872	6859	0.49	26.5
1.easyfig.fa	2.easyfig.fa	88.889	18	2	0	3039	3056	700	683	1.7	24.7
1.easyfig.fa	2.easyfig.fa	100.000	13	0	0	535	547	1493	1481	1.7	24.7
1.easyfig.fa	2.easyfig.fa	100.000	13	0	0	1175	1187	1631	1643	1.7	24.7
1.easyfig.fa	2.easyfig.fa	100.000	13	0	0	4596	4608	4217	4229	1.7	24.7
1.easyfig.fa	2.easyfig.fa	100.000	13	0	0	5476	5488	6303	6315	1.7	24.7
1.easyfig.fa	2.easyfig.fa	88.235	17	2	0	5497	5513	321	305	5.9	22.9
1.easyfig.fa	2.easyfig.fa	100.000	12	0	0	5567	5578	359	370	5.9	22.9
1.easyfig.fa	2.easyfig.fa	100.000	12	0	0	3090	3101	493	504	5.9	22.9
1.easyfig.fa	2.easyfig.fa	81.818	22	4	0	4942	4963	1002	1023	5.9	22.9
1.easyfig.fa	2.easyfig.fa	100.000	12	0	0	686	697	2973	2984	5.9	22.9
1.easyfig.fa	2.easyfig.fa	100.000	12	0	0	3968	3979	3738	3749	5.9	22.9
1.easyfig.fa	2.easyfig.fa	93.333	15	1	0	5090	5104	3776	3790	5.9	22.9
1.easyfig.fa	2.easyfig.fa	100.000	12	0	0	4553	4564	4117	4128	5.9	22.9
1.easyfig.fa	2.easyfig.fa	100.000	12	0	0	2134	2145	6658	6647	5.9	22.9
1.easyfig.fa	2.easyfig.fa	100.000	12	0	0	4078	4089	7911	7922	5.9	22.9
