4.easyfig.fa	5.easyfig.fa	73.793	1782	455	10	12590	14365	13174	11399	0.0	1074
4.easyfig.fa	5.easyfig.fa	95.000	20	1	0	17186	17205	6560	6579	0.10	31.9
4.easyfig.fa	5.easyfig.fa	100.000	17	0	0	7986	8002	12455	12439	0.10	31.9
4.easyfig.fa	5.easyfig.fa	94.737	19	1	0	11408	11426	690	708	0.36	30.1
4.easyfig.fa	5.easyfig.fa	100.000	16	0	0	8971	8986	5793	5778	0.36	30.1
4.easyfig.fa	5.easyfig.fa	90.476	21	2	0	19216	19236	11913	11933	0.36	30.1
4.easyfig.fa	5.easyfig.fa	100.000	16	0	0	1781	1796	14877	14892	0.36	30.1
4.easyfig.fa	5.easyfig.fa	84.000	25	4	0	21592	21616	2636	2612	1.2	28.3
4.easyfig.fa	5.easyfig.fa	100.000	15	0	0	560	574	10575	10589	1.2	28.3
4.easyfig.fa	5.easyfig.fa	100.000	15	0	0	5792	5806	14113	14099	1.2	28.3
4.easyfig.fa	5.easyfig.fa	95.000	20	0	1	3092	3111	15526	15544	1.2	28.3
4.easyfig.fa	5.easyfig.fa	94.444	18	1	0	654	671	15547	15530	1.2	28.3
4.easyfig.fa	5.easyfig.fa	90.000	20	2	0	2401	2420	18674	18655	1.2	28.3
4.easyfig.fa	5.easyfig.fa	87.500	24	2	1	18465	18488	648	626	4.3	26.5
4.easyfig.fa	5.easyfig.fa	100.000	14	0	0	5222	5235	5492	5505	4.3	26.5
4.easyfig.fa	5.easyfig.fa	81.481	27	5	0	8156	8182	5651	5677	4.3	26.5
4.easyfig.fa	5.easyfig.fa	100.000	14	0	0	3801	3814	8533	8546	4.3	26.5
4.easyfig.fa	5.easyfig.fa	94.118	17	1	0	7841	7857	9456	9440	4.3	26.5
4.easyfig.fa	5.easyfig.fa	89.474	19	2	0	10446	10464	9720	9738	4.3	26.5
4.easyfig.fa	5.easyfig.fa	83.333	24	4	0	1123	1146	10955	10978	4.3	26.5
4.easyfig.fa	5.easyfig.fa	100.000	14	0	0	4939	4952	12700	12713	4.3	26.5
4.easyfig.fa	5.easyfig.fa	94.118	17	1	0	2357	2373	13660	13676	4.3	26.5
4.easyfig.fa	5.easyfig.fa	100.000	14	0	0	12811	12824	15714	15727	4.3	26.5
4.easyfig.fa	5.easyfig.fa	100.000	14	0	0	16335	16348	15881	15894	4.3	26.5
4.easyfig.fa	5.easyfig.fa	94.118	17	1	0	10194	10210	18451	18467	4.3	26.5
4.easyfig.fa	5.easyfig.fa	94.118	17	1	0	20123	20139	18490	18474	4.3	26.5
