5.easyfig.fa	6.easyfig.fa	77.192	1859	411	10	3588	5438	14340	12487	0.0	1407
5.easyfig.fa	6.easyfig.fa	79.487	39	6	1	4871	4909	1687	1723	0.052	31.9
5.easyfig.fa	6.easyfig.fa	100.000	16	0	0	9823	9838	5438	5423	0.18	30.1
5.easyfig.fa	6.easyfig.fa	100.000	16	0	0	1294	1309	10067	10082	0.18	30.1
5.easyfig.fa	6.easyfig.fa	94.118	17	1	0	10405	10421	3123	3139	2.2	26.5
5.easyfig.fa	6.easyfig.fa	100.000	14	0	0	9821	9834	8897	8910	2.2	26.5
5.easyfig.fa	6.easyfig.fa	89.474	19	2	0	1970	1988	9250	9268	2.2	26.5
5.easyfig.fa	6.easyfig.fa	100.000	14	0	0	9511	9524	10069	10056	2.2	26.5
5.easyfig.fa	6.easyfig.fa	89.474	19	2	0	9939	9957	10230	10248	2.2	26.5
5.easyfig.fa	6.easyfig.fa	86.364	22	3	0	2717	2738	12024	12045	2.2	26.5
5.easyfig.fa	6.easyfig.fa	100.000	14	0	0	3706	3719	12397	12384	2.2	26.5
5.easyfig.fa	6.easyfig.fa	100.000	14	0	0	4558	4571	14099	14112	2.2	26.5
5.easyfig.fa	6.easyfig.fa	100.000	14	0	0	11434	11447	14239	14252	2.2	26.5
5.easyfig.fa	6.easyfig.fa	100.000	14	0	0	10151	10164	15108	15121	2.2	26.5
5.easyfig.fa	6.easyfig.fa	93.750	16	1	0	10240	10255	831	816	7.6	24.7
5.easyfig.fa	6.easyfig.fa	100.000	13	0	0	12278	12290	3732	3744	7.6	24.7
5.easyfig.fa	6.easyfig.fa	93.750	16	1	0	8235	8250	4560	4575	7.6	24.7
5.easyfig.fa	6.easyfig.fa	100.000	13	0	0	11060	11072	5061	5073	7.6	24.7
5.easyfig.fa	6.easyfig.fa	100.000	13	0	0	11300	11312	6072	6060	7.6	24.7
5.easyfig.fa	6.easyfig.fa	100.000	13	0	0	10757	10769	8029	8017	7.6	24.7
5.easyfig.fa	6.easyfig.fa	100.000	13	0	0	12949	12961	8774	8762	7.6	24.7
5.easyfig.fa	6.easyfig.fa	100.000	13	0	0	7855	7867	9713	9701	7.6	24.7
5.easyfig.fa	6.easyfig.fa	100.000	13	0	0	8704	8716	9796	9784	7.6	24.7
5.easyfig.fa	6.easyfig.fa	93.750	16	1	0	4886	4901	10537	10522	7.6	24.7
5.easyfig.fa	6.easyfig.fa	93.750	16	1	0	12645	12660	10709	10694	7.6	24.7
5.easyfig.fa	6.easyfig.fa	85.714	21	3	0	5716	5736	11058	11078	7.6	24.7
5.easyfig.fa	6.easyfig.fa	93.750	16	1	0	2804	2819	11286	11271	7.6	24.7
5.easyfig.fa	6.easyfig.fa	100.000	13	0	0	10410	10422	11980	11992	7.6	24.7
5.easyfig.fa	6.easyfig.fa	93.750	16	1	0	2799	2814	13630	13615	7.6	24.7
